2026-01-15 15:44:25,959 - root - INFO - Logging initialized. Log file: Demo_Output/logs/Demo_Output_20260115_154425.log
2026-01-15 15:44:25,959 - root - INFO - === Developed by Harshil Sanghvi for Shrestha Lab ===
2026-01-15 15:44:25,959 - root - INFO - FreezeFrame initialized with:
	Timestamps: Demo_Data/PTC/PTC Timestamps.xlsx
	CT: Demo_Data/PTC/WT_PTC/WT_PTC PTC Cohorts.xlsx
	Folder: Demo_Data/PTC/WT_PTC
	Output: Demo_Output
2026-01-15 15:44:25,959 - __main__ - INFO - FreezeFrame object created successfully
2026-01-15 15:44:25,959 - root - INFO - Processing timestamps file: Demo_Data/PTC/PTC Timestamps.xlsx
2026-01-15 15:44:26,082 - root - DEBUG - Timestamps file loaded with shape: (19, 4)
2026-01-15 15:44:26,083 - root - DEBUG - Split indices found at: [2, 11]
2026-01-15 15:44:26,086 - root - INFO - Timestamps processed - Training shape: (5, 4), LTM shape: (7, 4)
2026-01-15 15:44:26,086 - __main__ - INFO - Timestamps processed successfully
2026-01-15 15:44:26,086 - root - INFO - Processing folder: Demo_Data/PTC/WT_PTC
2026-01-15 15:44:26,086 - root - DEBUG - Found 1 subfolders: ['20250908 WT_PTC CT1 PTC']
2026-01-15 15:44:26,086 - root - INFO - Processing subfolder: 20250908 WT_PTC CT1 PTC
2026-01-15 15:44:26,086 - root - DEBUG - Current CT: CT1
2026-01-15 15:44:26,086 - root - INFO - Getting cohort data for CT: CT1
2026-01-15 15:44:26,091 - root - DEBUG - Found CT row index: 0
2026-01-15 15:44:26,094 - root - DEBUG - Cohort data extracted with shape: (6, 4)
2026-01-15 15:44:26,095 - root - INFO - Processing subfolder 20250908 WT_PTC CT1 PTC -> Output: Demo_Output/20250908 WT_PTC CT1 PTC.xlsx
2026-01-15 15:44:26,096 - root - DEBUG - Found 2 CSV files in subfolder
2026-01-15 15:44:26,096 - root - DEBUG - Processing file: Freeze_training.csv -> Sheet name: Freeze_training
2026-01-15 15:44:26,096 - root - INFO - Processing file: Demo_Data/PTC/WT_PTC/20250908 WT_PTC CT1 PTC/Freeze_training.csv
2026-01-15 15:44:26,112 - root - DEBUG - File loaded with shape: (7, 578)
2026-01-15 15:44:26,112 - root - DEBUG - Cleaning column names
2026-01-15 15:44:26,112 - root - DEBUG - Cleaned columns: ['Onset', 0, 1, 2, 3, 4, 5, 6, 7, 8, 9, 10, 11, 12, 13, 14, 15, 16, 17, 18, 19, 20, 21, 22, 23, 24, 25, 26, 27, 28, 29, 30, 31, 32, 33, 34, 35, 36, 37, 38, 39, 40, 41, 42, 43, 44, 45, 46, 47, 48, 49, 50, 51, 52, 53, 54, 55, 56, 57, 58, 59, 60, 61, 62, 63, 64, 65, 66, 67, 68, 69, 70, 71, 72, 73, 74, 75, 76, 77, 78, 79, 80, 81, 82, 83, 84, 85, 86, 87, 88, 89, 90, 91, 92, 93, 94, 95, 96, 97, 98, 99, 100, 101, 102, 103, 104, 105, 106, 107, 108, 109, 110, 111, 112, 113, 114, 115, 116, 117, 118, 119, 120, 121, 122, 123, 124, 125, 126, 127, 128, 129, 130, 131, 132, 133, 134, 135, 136, 137, 138, 139, 140, 141, 142, 143, 144, 145, 146, 147, 148, 149, 150, 151, 152, 153, 154, 155, 156, 157, 158, 159, 160, 161, 162, 163, 164, 165, 166, 167, 168, 169, 170, 171, 172, 173, 174, 175, 176, 177, 178, 179, 180, 181, 182, 183, 184, 185, 186, 187, 188, 189, 190, 191, 192, 193, 194, 195, 196, 197, 198, 199, 200, 201, 202, 203, 204, 205, 206, 207, 208, 209, 210, 211, 212, 213, 214, 215, 216, 217, 218, 219, 220, 221, 222, 223, 224, 225, 226, 227, 228, 229, 230, 231, 232, 233, 234, 235, 236, 237, 238, 239, 240, 241, 242, 243, 244, 245, 246, 247, 248, 249, 250, 251, 252, 253, 254, 255, 256, 257, 258, 259, 260, 261, 262, 263, 264, 265, 266, 267, 268, 269, 270, 271, 272, 273, 274, 275, 276, 277, 278, 279, 280, 281, 282, 283, 284, 285, 286, 287, 288, 289, 290, 291, 292, 293, 294, 295, 296, 297, 298, 299, 300, 301, 302, 303, 304, 305, 306, 307, 308, 309, 310, 311, 312, 313, 314, 315, 316, 317, 318, 319, 320, 321, 322, 323, 324, 325, 326, 327, 328, 329, 330, 331, 332, 333, 334, 335, 336, 337, 338, 339, 340, 341, 342, 343, 344, 345, 346, 347, 348, 349, 350, 351, 352, 353, 354, 355, 356, 357, 358, 359, 360, 361, 362, 363, 364, 365, 366, 367, 368, 369, 370, 371, 372, 373, 374, 375, 376, 377, 378, 379, 380, 381, 382, 383, 384, 385, 386, 387, 388, 389, 390, 391, 392, 393, 394, 395, 396, 397, 398, 399, 400, 401, 402, 403, 404, 405, 406, 407, 408, 409, 410, 411, 412, 413, 414, 415, 416, 417, 418, 419, 420, 421, 422, 423, 424, 425, 426, 427, 428, 429, 430, 431, 432, 433, 434, 435, 436, 437, 438, 439, 440, 441, 442, 443, 444, 445, 446, 447, 448, 449, 450, 451, 452, 453, 454, 455, 456, 457, 458, 459, 460, 461, 462, 463, 464, 465, 466, 467, 468, 469, 470, 471, 472, 473, 474, 475, 476, 477, 478, 479, 480, 481, 482, 483, 484, 485, 486, 487, 488, 489, 490, 491, 492, 493, 494, 495, 496, 497, 498, 499, 500, 501, 502, 503, 504, 505, 506, 507, 508, 509, 510, 511, 512, 513, 514, 515, 516, 517, 518, 519, 520, 521, 522, 523, 524, 525, 526, 527, 528, 529, 530, 531, 532, 533, 534, 535, 536, 537, 538, 539, 540, 541, 542, 543, 544, 545, 546, 547, 548, 549, 550, 551, 552, 553, 554, 555, 556, 557, 558, 559, 560, 561, 562, 563, 564, 565, 566, 567, 568, 569, 'Unnamed: 571', 'Threshold', 'Unnamed: 573', 'Bout duration', 'Unnamed: 575', 'Protocol', 'Unnamed: 577']
2026-01-15 15:44:26,112 - root - DEBUG - Processing as experiment type: training
2026-01-15 15:44:26,112 - root - INFO - Processing training data
2026-01-15 15:44:26,112 - root - INFO - Processing data for experiment: training
2026-01-15 15:44:26,112 - root - DEBUG - Getting columns for experiment 5
2026-01-15 15:44:26,114 - root - DEBUG - Extracting timestamps
2026-01-15 15:44:26,114 - root - DEBUG - Extracting timestamps for label: Pre-CS
2026-01-15 15:44:26,115 - root - DEBUG - Found 1 timestamp pairs
2026-01-15 15:44:26,115 - root - DEBUG - Extracting timestamps for label: CS\+
2026-01-15 15:44:26,115 - root - DEBUG - Found 2 timestamp pairs
2026-01-15 15:44:26,115 - root - DEBUG - Extracting timestamps for label: ITI
2026-01-15 15:44:26,116 - root - DEBUG - Found 1 timestamp pairs
2026-01-15 15:44:26,116 - root - DEBUG - Extracting timestamps for label: Post-CS
2026-01-15 15:44:26,116 - root - DEBUG - Found 1 timestamp pairs
2026-01-15 15:44:26,116 - root - DEBUG - Processing 6 unique animal IDs
2026-01-15 15:44:26,116 - root - DEBUG - Processing animal ID: C507
2026-01-15 15:44:26,135 - root - DEBUG - Calculated average for animal C507: 5.15
2026-01-15 15:44:26,137 - root - DEBUG - Calculated average for animal C507: 10.37
2026-01-15 15:44:26,140 - root - DEBUG - Calculated average for animal C507: 15.46
2026-01-15 15:44:26,146 - root - DEBUG - Calculated average for animal C507: 20.42
2026-01-15 15:44:26,153 - root - DEBUG - Calculated average for animal C507: 35.04
2026-01-15 15:44:26,153 - root - DEBUG - Getting columns for experiment 5
2026-01-15 15:44:26,154 - root - DEBUG - Processing animal ID: C509
2026-01-15 15:44:26,168 - root - DEBUG - Calculated average for animal C509: 11.05
2026-01-15 15:44:26,170 - root - DEBUG - Calculated average for animal C509: 7.86
2026-01-15 15:44:26,172 - root - DEBUG - Calculated average for animal C509: 20.62
2026-01-15 15:44:26,178 - root - DEBUG - Calculated average for animal C509: 34.28
2026-01-15 15:44:26,185 - root - DEBUG - Calculated average for animal C509: 40.55
2026-01-15 15:44:26,185 - root - DEBUG - Getting columns for experiment 5
2026-01-15 15:44:26,186 - root - DEBUG - Processing animal ID: C511
2026-01-15 15:44:26,199 - root - DEBUG - Calculated average for animal C511: 12.92
2026-01-15 15:44:26,201 - root - DEBUG - Calculated average for animal C511: 10.83
2026-01-15 15:44:26,203 - root - DEBUG - Calculated average for animal C511: 16.46
2026-01-15 15:44:26,209 - root - DEBUG - Calculated average for animal C511: 26.61
2026-01-15 15:44:26,215 - root - DEBUG - Calculated average for animal C511: 25.68
2026-01-15 15:44:26,215 - root - DEBUG - Getting columns for experiment 5
2026-01-15 15:44:26,216 - root - DEBUG - Processing animal ID: C576
2026-01-15 15:44:26,229 - root - DEBUG - Calculated average for animal C576: 2.73
2026-01-15 15:44:26,231 - root - DEBUG - Calculated average for animal C576: 7.18
2026-01-15 15:44:26,233 - root - DEBUG - Calculated average for animal C576: 9.5
2026-01-15 15:44:26,239 - root - DEBUG - Calculated average for animal C576: 8.4
2026-01-15 15:44:26,245 - root - DEBUG - Calculated average for animal C576: 19.62
2026-01-15 15:44:26,245 - root - DEBUG - Getting columns for experiment 5
2026-01-15 15:44:26,246 - root - DEBUG - Processing animal ID: C549
2026-01-15 15:44:26,259 - root - DEBUG - Calculated average for animal C549: 3.6
2026-01-15 15:44:26,261 - root - DEBUG - Calculated average for animal C549: 11.69
2026-01-15 15:44:26,263 - root - DEBUG - Calculated average for animal C549: 26.32
2026-01-15 15:44:26,269 - root - DEBUG - Calculated average for animal C549: 16.46
2026-01-15 15:44:26,275 - root - DEBUG - Calculated average for animal C549: 21.17
2026-01-15 15:44:26,276 - root - DEBUG - Getting columns for experiment 5
2026-01-15 15:44:26,276 - root - DEBUG - Processing animal ID: C550
2026-01-15 15:44:26,289 - root - DEBUG - Calculated average for animal C550: 0.4
2026-01-15 15:44:26,291 - root - DEBUG - Calculated average for animal C550: 3.17
2026-01-15 15:44:26,293 - root - DEBUG - Calculated average for animal C550: 2.09
2026-01-15 15:44:26,299 - root - DEBUG - Calculated average for animal C550: 0.75
2026-01-15 15:44:26,305 - root - DEBUG - Calculated average for animal C550: 28.47
2026-01-15 15:44:26,305 - root - DEBUG - Getting columns for experiment 5
2026-01-15 15:44:26,306 - root - DEBUG - Processed data shape: (6, 9)
2026-01-15 15:44:26,417 - matplotlib - DEBUG - matplotlib data path: /opt/homebrew/Caskroom/miniconda/base/lib/python3.13/site-packages/matplotlib/mpl-data
2026-01-15 15:44:26,421 - matplotlib - DEBUG - CONFIGDIR=/Users/dhananjaysharma/.matplotlib
2026-01-15 15:44:26,422 - matplotlib - DEBUG - interactive is False
2026-01-15 15:44:26,422 - matplotlib - DEBUG - platform is darwin
2026-01-15 15:44:26,460 - matplotlib - DEBUG - CACHEDIR=/Users/dhananjaysharma/.matplotlib
2026-01-15 15:44:26,462 - matplotlib.font_manager - DEBUG - Using fontManager instance from /Users/dhananjaysharma/.matplotlib/fontlist-v390.json
2026-01-15 15:44:26,644 - root - DEBUG - Sheet Freeze_training saved with shape: (6, 12)
2026-01-15 15:44:26,644 - root - DEBUG - Processing file: Freeze_LTM28d.csv -> Sheet name: Freeze_LTM28d
2026-01-15 15:44:26,644 - root - INFO - Processing file: Demo_Data/PTC/WT_PTC/20250908 WT_PTC CT1 PTC/Freeze_LTM28d.csv
2026-01-15 15:44:26,654 - root - DEBUG - File loaded with shape: (7, 728)
2026-01-15 15:44:26,654 - root - DEBUG - Cleaning column names
2026-01-15 15:44:26,654 - root - DEBUG - Cleaned columns: ['Onset', 0, 1, 2, 3, 4, 5, 6, 7, 8, 9, 10, 11, 12, 13, 14, 15, 16, 17, 18, 19, 20, 21, 22, 23, 24, 25, 26, 27, 28, 29, 30, 31, 32, 33, 34, 35, 36, 37, 38, 39, 40, 41, 42, 43, 44, 45, 46, 47, 48, 49, 50, 51, 52, 53, 54, 55, 56, 57, 58, 59, 60, 61, 62, 63, 64, 65, 66, 67, 68, 69, 70, 71, 72, 73, 74, 75, 76, 77, 78, 79, 80, 81, 82, 83, 84, 85, 86, 87, 88, 89, 90, 91, 92, 93, 94, 95, 96, 97, 98, 99, 100, 101, 102, 103, 104, 105, 106, 107, 108, 109, 110, 111, 112, 113, 114, 115, 116, 117, 118, 119, 120, 121, 122, 123, 124, 125, 126, 127, 128, 129, 130, 131, 132, 133, 134, 135, 136, 137, 138, 139, 140, 141, 142, 143, 144, 145, 146, 147, 148, 149, 150, 151, 152, 153, 154, 155, 156, 157, 158, 159, 160, 161, 162, 163, 164, 165, 166, 167, 168, 169, 170, 171, 172, 173, 174, 175, 176, 177, 178, 179, 180, 181, 182, 183, 184, 185, 186, 187, 188, 189, 190, 191, 192, 193, 194, 195, 196, 197, 198, 199, 200, 201, 202, 203, 204, 205, 206, 207, 208, 209, 210, 211, 212, 213, 214, 215, 216, 217, 218, 219, 220, 221, 222, 223, 224, 225, 226, 227, 228, 229, 230, 231, 232, 233, 234, 235, 236, 237, 238, 239, 240, 241, 242, 243, 244, 245, 246, 247, 248, 249, 250, 251, 252, 253, 254, 255, 256, 257, 258, 259, 260, 261, 262, 263, 264, 265, 266, 267, 268, 269, 270, 271, 272, 273, 274, 275, 276, 277, 278, 279, 280, 281, 282, 283, 284, 285, 286, 287, 288, 289, 290, 291, 292, 293, 294, 295, 296, 297, 298, 299, 300, 301, 302, 303, 304, 305, 306, 307, 308, 309, 310, 311, 312, 313, 314, 315, 316, 317, 318, 319, 320, 321, 322, 323, 324, 325, 326, 327, 328, 329, 330, 331, 332, 333, 334, 335, 336, 337, 338, 339, 340, 341, 342, 343, 344, 345, 346, 347, 348, 349, 350, 351, 352, 353, 354, 355, 356, 357, 358, 359, 360, 361, 362, 363, 364, 365, 366, 367, 368, 369, 370, 371, 372, 373, 374, 375, 376, 377, 378, 379, 380, 381, 382, 383, 384, 385, 386, 387, 388, 389, 390, 391, 392, 393, 394, 395, 396, 397, 398, 399, 400, 401, 402, 403, 404, 405, 406, 407, 408, 409, 410, 411, 412, 413, 414, 415, 416, 417, 418, 419, 420, 421, 422, 423, 424, 425, 426, 427, 428, 429, 430, 431, 432, 433, 434, 435, 436, 437, 438, 439, 440, 441, 442, 443, 444, 445, 446, 447, 448, 449, 450, 451, 452, 453, 454, 455, 456, 457, 458, 459, 460, 461, 462, 463, 464, 465, 466, 467, 468, 469, 470, 471, 472, 473, 474, 475, 476, 477, 478, 479, 480, 481, 482, 483, 484, 485, 486, 487, 488, 489, 490, 491, 492, 493, 494, 495, 496, 497, 498, 499, 500, 501, 502, 503, 504, 505, 506, 507, 508, 509, 510, 511, 512, 513, 514, 515, 516, 517, 518, 519, 520, 521, 522, 523, 524, 525, 526, 527, 528, 529, 530, 531, 532, 533, 534, 535, 536, 537, 538, 539, 540, 541, 542, 543, 544, 545, 546, 547, 548, 549, 550, 551, 552, 553, 554, 555, 556, 557, 558, 559, 560, 561, 562, 563, 564, 565, 566, 567, 568, 569, 570, 571, 572, 573, 574, 575, 576, 577, 578, 579, 580, 581, 582, 583, 584, 585, 586, 587, 588, 589, 590, 591, 592, 593, 594, 595, 596, 597, 598, 599, 600, 601, 602, 603, 604, 605, 606, 607, 608, 609, 610, 611, 612, 613, 614, 615, 616, 617, 618, 619, 620, 621, 622, 623, 624, 625, 626, 627, 628, 629, 630, 631, 632, 633, 634, 635, 636, 637, 638, 639, 640, 641, 642, 643, 644, 645, 646, 647, 648, 649, 650, 651, 652, 653, 654, 655, 656, 657, 658, 659, 660, 661, 662, 663, 664, 665, 666, 667, 668, 669, 670, 671, 672, 673, 674, 675, 676, 677, 678, 679, 680, 681, 682, 683, 684, 685, 686, 687, 688, 689, 690, 691, 692, 693, 694, 695, 696, 697, 698, 699, 700, 701, 702, 703, 704, 705, 706, 707, 708, 709, 710, 711, 712, 713, 714, 715, 716, 717, 718, 719, 'Unnamed: 721', 'Threshold', 'Unnamed: 723', 'Bout duration', 'Unnamed: 725', 'Protocol', 'Unnamed: 727']
2026-01-15 15:44:26,654 - root - DEBUG - Processing as experiment type: ltm28d
2026-01-15 15:44:26,654 - root - INFO - Processing LTM data
2026-01-15 15:44:26,654 - root - INFO - Processing data for experiment: ltm28d
2026-01-15 15:44:26,654 - root - DEBUG - Getting columns for experiment 7
2026-01-15 15:44:26,655 - root - DEBUG - Extracting timestamps
2026-01-15 15:44:26,655 - root - DEBUG - Extracting timestamps for label: Pre-CS
2026-01-15 15:44:26,656 - root - DEBUG - Found 1 timestamp pairs
2026-01-15 15:44:26,656 - root - DEBUG - Extracting timestamps for label: CS\+
2026-01-15 15:44:26,656 - root - DEBUG - Found 3 timestamp pairs
2026-01-15 15:44:26,656 - root - DEBUG - Extracting timestamps for label: ITI
2026-01-15 15:44:26,656 - root - DEBUG - Found 2 timestamp pairs
2026-01-15 15:44:26,656 - root - DEBUG - Extracting timestamps for label: Post-CS
2026-01-15 15:44:26,657 - root - DEBUG - Found 1 timestamp pairs
2026-01-15 15:44:26,657 - root - DEBUG - Processing 6 unique animal IDs
2026-01-15 15:44:26,657 - root - DEBUG - Processing animal ID: C507
2026-01-15 15:44:26,670 - root - DEBUG - Calculated average for animal C507: 37.14
2026-01-15 15:44:26,673 - root - DEBUG - Calculated average for animal C507: 59.88
2026-01-15 15:44:26,675 - root - DEBUG - Calculated average for animal C507: 69.26
2026-01-15 15:44:26,677 - root - DEBUG - Calculated average for animal C507: 40.39
2026-01-15 15:44:26,684 - root - DEBUG - Calculated average for animal C507: 52.27
2026-01-15 15:44:26,689 - root - DEBUG - Calculated average for animal C507: 51.82
2026-01-15 15:44:26,696 - root - DEBUG - Calculated average for animal C507: 19.07
2026-01-15 15:44:26,698 - root - DEBUG - Getting columns for experiment 7
2026-01-15 15:44:26,698 - root - DEBUG - Processing animal ID: C509
2026-01-15 15:44:26,711 - root - DEBUG - Calculated average for animal C509: 62.85
2026-01-15 15:44:26,713 - root - DEBUG - Calculated average for animal C509: 58.99
2026-01-15 15:44:26,715 - root - DEBUG - Calculated average for animal C509: 53.05
2026-01-15 15:44:26,717 - root - DEBUG - Calculated average for animal C509: 63.17
2026-01-15 15:44:26,724 - root - DEBUG - Calculated average for animal C509: 61.54
2026-01-15 15:44:26,730 - root - DEBUG - Calculated average for animal C509: 55.23
2026-01-15 15:44:26,736 - root - DEBUG - Calculated average for animal C509: 74.55
2026-01-15 15:44:26,736 - root - DEBUG - Getting columns for experiment 7
2026-01-15 15:44:26,736 - root - DEBUG - Processing animal ID: C511
2026-01-15 15:44:26,748 - root - DEBUG - Calculated average for animal C511: 49.69
2026-01-15 15:44:26,750 - root - DEBUG - Calculated average for animal C511: 70.24
2026-01-15 15:44:26,752 - root - DEBUG - Calculated average for animal C511: 75.31
2026-01-15 15:44:26,754 - root - DEBUG - Calculated average for animal C511: 52.81
2026-01-15 15:44:26,761 - root - DEBUG - Calculated average for animal C511: 51.43
2026-01-15 15:44:26,767 - root - DEBUG - Calculated average for animal C511: 17.77
2026-01-15 15:44:26,773 - root - DEBUG - Calculated average for animal C511: 38.1
2026-01-15 15:44:26,773 - root - DEBUG - Getting columns for experiment 7
2026-01-15 15:44:26,774 - root - DEBUG - Processing animal ID: C549
2026-01-15 15:44:26,786 - root - DEBUG - Calculated average for animal C549: 24.57
2026-01-15 15:44:26,788 - root - DEBUG - Calculated average for animal C549: 69.6
2026-01-15 15:44:26,790 - root - DEBUG - Calculated average for animal C549: 67.85
2026-01-15 15:44:26,792 - root - DEBUG - Calculated average for animal C549: 67.94
2026-01-15 15:44:26,799 - root - DEBUG - Calculated average for animal C549: 62.71
2026-01-15 15:44:26,805 - root - DEBUG - Calculated average for animal C549: 32.99
2026-01-15 15:44:26,811 - root - DEBUG - Calculated average for animal C549: 28.89
2026-01-15 15:44:26,811 - root - DEBUG - Getting columns for experiment 7
2026-01-15 15:44:26,811 - root - DEBUG - Processing animal ID: C550
2026-01-15 15:44:26,824 - root - DEBUG - Calculated average for animal C550: 39.13
2026-01-15 15:44:26,826 - root - DEBUG - Calculated average for animal C550: 87.38
2026-01-15 15:44:26,828 - root - DEBUG - Calculated average for animal C550: 92.69
2026-01-15 15:44:26,830 - root - DEBUG - Calculated average for animal C550: 65.79
2026-01-15 15:44:26,837 - root - DEBUG - Calculated average for animal C550: 64.56
2026-01-15 15:44:26,842 - root - DEBUG - Calculated average for animal C550: 46.72
2026-01-15 15:44:26,848 - root - DEBUG - Calculated average for animal C550: 48.98
2026-01-15 15:44:26,849 - root - DEBUG - Getting columns for experiment 7
2026-01-15 15:44:26,849 - root - DEBUG - Processing animal ID: C576
2026-01-15 15:44:26,861 - root - DEBUG - Calculated average for animal C576: 15.97
2026-01-15 15:44:26,863 - root - DEBUG - Calculated average for animal C576: 60.36
2026-01-15 15:44:26,865 - root - DEBUG - Calculated average for animal C576: 42.16
2026-01-15 15:44:26,867 - root - DEBUG - Calculated average for animal C576: 58.98
2026-01-15 15:44:26,874 - root - DEBUG - Calculated average for animal C576: 55.76
2026-01-15 15:44:26,880 - root - DEBUG - Calculated average for animal C576: 28.13
2026-01-15 15:44:26,886 - root - DEBUG - Calculated average for animal C576: 48.28
2026-01-15 15:44:26,886 - root - DEBUG - Getting columns for experiment 7
2026-01-15 15:44:26,886 - root - DEBUG - Processed data shape: (6, 11)
2026-01-15 15:44:26,894 - root - DEBUG - Sheet Freeze_LTM28d saved with shape: (6, 14)
2026-01-15 15:44:26,902 - root - INFO - Excel file saved: Demo_Output/20250908 WT_PTC CT1 PTC.xlsx
2026-01-15 15:44:26,902 - root - INFO - Subfolder 20250908 WT_PTC CT1 PTC processed successfully!
2026-01-15 15:44:26,902 - __main__ - INFO - Folder processing completed successfully
2026-01-15 15:44:26,902 - __main__ - INFO - Processing completed successfully
